Watching for file changes with StatReloader
[05/Mar/2026 09:38:29] "GET / HTTP/1.1" 200 5692
[05/Mar/2026 09:38:30] "GET /static/css/style.css?v=dark-20260305-currency HTTP/1.1" 200 8321
[05/Mar/2026 09:39:02] "GET /accounts/inscription/ HTTP/1.1" 200 5606
C:\Users\roiam\Desktop\kazilink\accounts\forms.py changed, reloading.
Watching for file changes with StatReloader
[05/Mar/2026 09:49:18] "GET /accounts/inscription/ HTTP/1.1" 200 5916
[05/Mar/2026 09:49:18] "GET /static/css/style.css?v=dark-20260305-currency HTTP/1.1" 304 0
Internal Server Error: /
Traceback (most recent call last):
  File "C:\Users\roiam\AppData\Local\Python\pythoncore-3.14-64\Lib\site-packages\django\db\backends\utils.py", line 105, in _execute
    return self.cursor.execute(sql, params)
           ~~~~~~~~~~~~~~~~~~~^^^^^^^^^^^^^
  File "C:\Users\roiam\AppData\Local\Python\pythoncore-3.14-64\Lib\site-packages\django\db\backends\sqlite3\base.py", line 359, in execute
    return super().execute(query, params)
           ~~~~~~~~~~~~~~~^^^^^^^^^^^^^^^
sqlite3.OperationalError: no such column: accounts_userprofile.profession

The above exception was the direct cause of the following exception:

Traceback (most recent call last):
  File "C:\Users\roiam\AppData\Local\Python\pythoncore-3.14-64\Lib\site-packages\django\core\handlers\exception.py", line 55, in inner
    response = get_response(request)
  File "C:\Users\roiam\AppData\Local\Python\pythoncore-3.14-64\Lib\site-packages\django\core\handlers\base.py", line 198, in _get_response
    response = wrapped_callback(request, *callback_args, **callback_kwargs)
  File "C:\Users\roiam\Desktop\kazilink\services\views.py", line 41, in home
    return render(request, 'services/home.html', context)
  File "C:\Users\roiam\AppData\Local\Python\pythoncore-3.14-64\Lib\site-packages\django\shortcuts.py", line 25, in render
    content = loader.render_to_string(template_name, context, request, using=using)
  File "C:\Users\roiam\AppData\Local\Python\pythoncore-3.14-64\Lib\site-packages\django\template\loader.py", line 62, in render_to_string
    return template.render(context, request)
           ~~~~~~~~~~~~~~~^^^^^^^^^^^^^^^^^^
  File "C:\Users\roiam\AppData\Local\Python\pythoncore-3.14-64\Lib\site-packages\django\template\backends\django.py", line 107, in render
    return self.template.render(context)
           ~~~~~~~~~~~~~~~~~~~~^^^^^^^^^
  File "C:\Users\roiam\AppData\Local\Python\pythoncore-3.14-64\Lib\site-packages\django\template\base.py", line 174, in render
    return self._render(context)
           ~~~~~~~~~~~~^^^^^^^^^
  File "C:\Users\roiam\AppData\Local\Python\pythoncore-3.14-64\Lib\site-packages\django\template\base.py", line 166, in _render
    return self.nodelist.render(context)
           ~~~~~~~~~~~~~~~~~~~~^^^^^^^^^
  File "C:\Users\roiam\AppData\Local\Python\pythoncore-3.14-64\Lib\site-packages\django\template\base.py", line 1091, in render
    return SafeString("".join([node.render_annotated(context) for node in self]))
                               ~~~~~~~~~~~~~~~~~~~~~^^^^^^^^^
  File "C:\Users\roiam\AppData\Local\Python\pythoncore-3.14-64\Lib\site-packages\django\template\base.py", line 1052, in render_annotated
    return self.render(context)
           ~~~~~~~~~~~^^^^^^^^^
  File "C:\Users\roiam\AppData\Local\Python\pythoncore-3.14-64\Lib\site-packages\django\template\loader_tags.py", line 160, in render
    return compiled_parent._render(context)
           ~~~~~~~~~~~~~~~~~~~~~~~^^^^^^^^^
  File "C:\Users\roiam\AppData\Local\Python\pythoncore-3.14-64\Lib\site-packages\django\template\base.py", line 166, in _render
    return self.nodelist.render(context)
           ~~~~~~~~~~~~~~~~~~~~^^^^^^^^^
  File "C:\Users\roiam\AppData\Local\Python\pythoncore-3.14-64\Lib\site-packages\django\template\base.py", line 1091, in render
    return SafeString("".join([node.render_annotated(context) for node in self]))
                               ~~~~~~~~~~~~~~~~~~~~~^^^^^^^^^
  File "C:\Users\roiam\AppData\Local\Python\pythoncore-3.14-64\Lib\site-packages\django\template\base.py", line 1052, in render_annotated
    return self.render(context)
           ~~~~~~~~~~~^^^^^^^^^
  File "C:\Users\roiam\AppData\Local\Python\pythoncore-3.14-64\Lib\site-packages\django\template\loader_tags.py", line 66, in render
    result = block.nodelist.render(context)
  File "C:\Users\roiam\AppData\Local\Python\pythoncore-3.14-64\Lib\site-packages\django\template\base.py", line 1091, in render
    return SafeString("".join([node.render_annotated(context) for node in self]))
                               ~~~~~~~~~~~~~~~~~~~~~^^^^^^^^^
  File "C:\Users\roiam\AppData\Local\Python\pythoncore-3.14-64\Lib\site-packages\django\template\base.py", line 1052, in render_annotated
    return self.render(context)
           ~~~~~~~~~~~^^^^^^^^^
  File "C:\Users\roiam\AppData\Local\Python\pythoncore-3.14-64\Lib\site-packages\django\template\defaulttags.py", line 202, in render
    len_values = len(values)
  File "C:\Users\roiam\AppData\Local\Python\pythoncore-3.14-64\Lib\site-packages\django\db\models\query.py", line 372, in __len__
    self._fetch_all()
    ~~~~~~~~~~~~~~~^^
  File "C:\Users\roiam\AppData\Local\Python\pythoncore-3.14-64\Lib\site-packages\django\db\models\query.py", line 2000, in _fetch_all
    self._result_cache = list(self._iterable_class(self))
                         ~~~~^^^^^^^^^^^^^^^^^^^^^^^^^^^^
  File "C:\Users\roiam\AppData\Local\Python\pythoncore-3.14-64\Lib\site-packages\django\db\models\query.py", line 95, in __iter__
    results = compiler.execute_sql(
        chunked_fetch=self.chunked_fetch, chunk_size=self.chunk_size
    )
  File "C:\Users\roiam\AppData\Local\Python\pythoncore-3.14-64\Lib\site-packages\django\db\models\sql\compiler.py", line 1624, in execute_sql
    cursor.execute(sql, params)
    ~~~~~~~~~~~~~~^^^^^^^^^^^^^
  File "C:\Users\roiam\AppData\Local\Python\pythoncore-3.14-64\Lib\site-packages\django\db\backends\utils.py", line 122, in execute
    return super().execute(sql, params)
           ~~~~~~~~~~~~~~~^^^^^^^^^^^^^
  File "C:\Users\roiam\AppData\Local\Python\pythoncore-3.14-64\Lib\site-packages\django\db\backends\utils.py", line 79, in execute
    return self._execute_with_wrappers(
           ~~~~~~~~~~~~~~~~~~~~~~~~~~~^
        sql, params, many=False, executor=self._execute
        ^^^^^^^^^^^^^^^^^^^^^^^^^^^^^^^^^^^^^^^^^^^^^^^
    )
    ^
  File "C:\Users\roiam\AppData\Local\Python\pythoncore-3.14-64\Lib\site-packages\django\db\backends\utils.py", line 92, in _execute_with_wrappers
    return executor(sql, params, many, context)
  File "C:\Users\roiam\AppData\Local\Python\pythoncore-3.14-64\Lib\site-packages\django\db\backends\utils.py", line 100, in _execute
    with self.db.wrap_database_errors:
         ^^^^^^^^^^^^^^^^^^^^^^^^^^^^
  File "C:\Users\roiam\AppData\Local\Python\pythoncore-3.14-64\Lib\site-packages\django\db\utils.py", line 94, in __exit__
    raise dj_exc_value.with_traceback(traceback) from exc_value
  File "C:\Users\roiam\AppData\Local\Python\pythoncore-3.14-64\Lib\site-packages\django\db\backends\utils.py", line 105, in _execute
    return self.cursor.execute(sql, params)
           ~~~~~~~~~~~~~~~~~~~^^^^^^^^^^^^^
  File "C:\Users\roiam\AppData\Local\Python\pythoncore-3.14-64\Lib\site-packages\django\db\backends\sqlite3\base.py", line 359, in execute
    return super().execute(query, params)
           ~~~~~~~~~~~~~~~^^^^^^^^^^^^^^^
django.db.utils.OperationalError: no such column: accounts_userprofile.profession
[05/Mar/2026 09:49:24] "GET / HTTP/1.1" 500 229939
Not Found: /favicon.ico
[05/Mar/2026 09:49:24] "GET /favicon.ico HTTP/1.1" 404 4382
